<?xml version="1.0" encoding="UTF-8"?>
<!-- Generated by org.testng.reporters.JUnitReportReporter -->
<testsuite hostname="RMM-PN-LT-103" failures="0" tests="1" name="com.utility.cucumber.TestNGCukesRunner" time="0.590" errors="1" timestamp="2022-07-06T20:53:20 IST" skipped="0">
  <testcase classname="com.utility.cucumber.TestNGCukesRunner" name="feature" time="0.590">
    <error message="java.lang.Error: Unresolved compilation problem: 
	FileUtils cannot be resolved
" type="cucumber.runtime.CucumberException">
      <![CDATA[cucumber.runtime.CucumberException: java.lang.Error: Unresolved compilation problem: 
FileUtils cannot be resolved

at cucumber.api.testng.TestNGCucumberRunner.runCucumber(TestNGCucumberRunner.java:69)
at cucumber.api.testng.AbstractTestNGCucumberTests.feature(AbstractTestNGCucumberTests.java:21)
at java.base/jdk.internal.reflect.NativeMethodAccessorImpl.invoke0(Native Method)
at java.base/jdk.internal.reflect.NativeMethodAccessorImpl.invoke(NativeMethodAccessorImpl.java:62)
at java.base/jdk.internal.reflect.DelegatingMethodAccessorImpl.invoke(DelegatingMethodAccessorImpl.java:43)
at java.base/java.lang.reflect.Method.invoke(Method.java:566)
at org.testng.internal.invokers.MethodInvocationHelper.invokeMethod(MethodInvocationHelper.java:139)
at org.testng.internal.invokers.TestInvoker.invokeMethod(TestInvoker.java:677)
at org.testng.internal.invokers.TestInvoker.invokeTestMethod(TestInvoker.java:221)
at org.testng.internal.invokers.MethodRunner.runInSequence(MethodRunner.java:50)
at org.testng.internal.invokers.TestInvoker$MethodInvocationAgent.invoke(TestInvoker.java:962)
at org.testng.internal.invokers.TestInvoker.invokeTestMethods(TestInvoker.java:194)
at org.testng.internal.invokers.TestMethodWorker.invokeTestMethods(TestMethodWorker.java:148)
at org.testng.internal.invokers.TestMethodWorker.run(TestMethodWorker.java:128)
at java.base/java.util.concurrent.ThreadPoolExecutor.runWorker(ThreadPoolExecutor.java:1128)
at java.base/java.util.concurrent.ThreadPoolExecutor$Worker.run(ThreadPoolExecutor.java:628)
at java.base/java.lang.Thread.run(Thread.java:834)
Caused by: java.lang.Error: Unresolved compilation problem: 
FileUtils cannot be resolved

at com.utility.selenium.CMEWebElement.getScreenshotAs(CMEWebElement.java:611)
at com.utility.selenium.CMEAssert.assertTrue(CMEAssert.java:21)
at com.cucumber.stepdefinitions.RequestedReportGUI.verifyReportRequestedPage(RequestedReportGUI.java:61)
at âœ½.Given Requested Reports page as landing page after successfully login.(RequestReport_GUI.feature:6)
]]>
    </error>
  </testcase> <!-- feature -->
  <system-out/>
</testsuite> <!-- com.utility.cucumber.TestNGCukesRunner -->
